This is pdfTeX, Version 3.1415926-2.5-1.40.14 (MiKTeX 2.9) (preloaded format=pdflatex 2014.5.6)  25 FEB 2015 16:37
entering extended mode
**nips2014.tex

("C:\Users\Philip\SkyDrive\Studies\Computer Science @TU-Berlin\9-sem\AIM3\Proje
ct\GitHub\report\nips2014.tex"
LaTeX2e <2011/06/27>
Babel <v3.8m> and hyphenation patterns for english, afrikaans, ancientgreek, ar
abic, armenian, assamese, basque, bengali, bokmal, bulgarian, catalan, coptic, 
croatian, czech, danish, dutch, esperanto, estonian, farsi, finnish, french, ga
lician, german, german-x-2013-05-26, greek, gujarati, hindi, hungarian, iceland
ic, indonesian, interlingua, irish, italian, kannada, kurmanji, latin, latvian,
 lithuanian, malayalam, marathi, mongolian, mongolianlmc, monogreek, ngerman, n
german-x-2013-05-26, nynorsk, oriya, panjabi, pinyin, polish, portuguese, roman
ian, russian, sanskrit, serbian, slovak, slovenian, spanish, swedish, swissgerm
an, tamil, telugu, turkish, turkmen, ukenglish, ukrainian, uppersorbian, usengl
ishmax, welsh, loaded.
("C:\Program Files\MiKTex\tex\latex\base\article.cls"
Document Class: article 2007/10/19 v1.4h Standard LaTeX document class
("C:\Program Files\MiKTex\tex\latex\base\size10.clo"
File: size10.clo 2007/10/19 v1.4h Standard LaTeX file (size option)
)
\c@part=\count79
\c@section=\count80
\c@subsection=\count81
\c@subsubsection=\count82
\c@paragraph=\count83
\c@subparagraph=\count84
\c@figure=\count85
\c@table=\count86
\abovecaptionskip=\skip41
\belowcaptionskip=\skip42
\bibindent=\dimen102
)
("C:\Users\Philip\SkyDrive\Studies\Computer Science @TU-Berlin\9-sem\AIM3\Proje
ct\GitHub\report\nips14submit_e.sty"
("C:\Program Files\MiKTex\tex\latex\eso-pic\eso-pic.sty"
Package: eso-pic 2013/10/06 v2.0d eso-pic (RN)

("C:\Program Files\MiKTex\tex\generic\oberdiek\atbegshi.sty"
Package: atbegshi 2011/10/05 v1.16 At begin shipout hook (HO)

("C:\Program Files\MiKTex\tex\generic\oberdiek\infwarerr.sty"
Package: infwarerr 2010/04/08 v1.3 Providing info/warning/error messages (HO)
)
("C:\Program Files\MiKTex\tex\generic\oberdiek\ltxcmds.sty"
Package: ltxcmds 2011/11/09 v1.22 LaTeX kernel commands for general use (HO)
)
("C:\Program Files\MiKTex\tex\generic\oberdiek\ifpdf.sty"
Package: ifpdf 2011/01/30 v2.3 Provides the ifpdf switch (HO)
Package ifpdf Info: pdfTeX in PDF mode is detected.
))
("C:\Program Files\MiKTex\tex\latex\graphics\keyval.sty"
Package: keyval 1999/03/16 v1.13 key=value parser (DPC)
\KV@toks@=\toks14
)
("C:\Program Files\MiKTex\tex\latex\xcolor\xcolor.sty"
Package: xcolor 2007/01/21 v2.11 LaTeX color extensions (UK)

("C:\Program Files\MiKTex\tex\latex\00miktex\color.cfg"
File: color.cfg 2007/01/18 v1.5 color configuration of teTeX/TeXLive
)
Package xcolor Info: Driver file: pdftex.def on input line 225.

("C:\Program Files\MiKTex\tex\latex\pdftex-def\pdftex.def"
File: pdftex.def 2011/05/27 v0.06d Graphics/color for pdfTeX
\Gread@gobject=\count87
)
Package xcolor Info: Model `cmy' substituted by `cmy0' on input line 1337.
Package xcolor Info: Model `hsb' substituted by `rgb' on input line 1341.
Package xcolor Info: Model `RGB' extended on input line 1353.
Package xcolor Info: Model `HTML' substituted by `rgb' on input line 1355.
Package xcolor Info: Model `Hsb' substituted by `hsb' on input line 1356.
Package xcolor Info: Model `tHsb' substituted by `hsb' on input line 1357.
Package xcolor Info: Model `HSB' substituted by `hsb' on input line 1358.
Package xcolor Info: Model `Gray' substituted by `gray' on input line 1359.
Package xcolor Info: Model `wave' substituted by `hsb' on input line 1360.
))
\nipsrulerbox=\box26
\nipsrulercount=\count88
\nipsruleroffset=\dimen103
\cv@lineheight=\dimen104
\cv@boxheight=\dimen105
\cv@tmpbox=\box27
\cv@refno=\count89
\cv@tot=\count90
\cv@tmpc@=\count91
\cv@tmpc=\count92
)
("C:\Program Files\MiKTex\tex\latex\psnfss\times.sty"
Package: times 2005/04/12 PSNFSS-v9.2a (SPQR) 
)
("C:\Program Files\MiKTex\tex\latex\hyperref\hyperref.sty"
Package: hyperref 2012/11/06 v6.83m Hypertext links for LaTeX

("C:\Program Files\MiKTex\tex\generic\oberdiek\hobsub-hyperref.sty"
Package: hobsub-hyperref 2012/04/25 v1.12 Bundle oberdiek, subset hyperref (HO)


("C:\Program Files\MiKTex\tex\generic\oberdiek\hobsub-generic.sty"
Package: hobsub-generic 2012/04/25 v1.12 Bundle oberdiek, subset generic (HO)
Package: hobsub 2012/04/25 v1.12 Construct package bundles (HO)
Package hobsub Info: Skipping package `infwarerr' (already loaded).
Package hobsub Info: Skipping package `ltxcmds' (already loaded).
Package: ifluatex 2010/03/01 v1.3 Provides the ifluatex switch (HO)
Package ifluatex Info: LuaTeX not detected.
Package: ifvtex 2010/03/01 v1.5 Detect VTeX and its facilities (HO)
Package ifvtex Info: VTeX not detected.
Package: intcalc 2007/09/27 v1.1 Expandable calculations with integers (HO)
Package hobsub Info: Skipping package `ifpdf' (already loaded).
Package: etexcmds 2011/02/16 v1.5 Avoid name clashes with e-TeX commands (HO)
Package etexcmds Info: Could not find \expanded.
(etexcmds)             That can mean that you are not using pdfTeX 1.50 or
(etexcmds)             that some package has redefined \expanded.
(etexcmds)             In the latter case, load this package earlier.
Package: kvsetkeys 2012/04/25 v1.16 Key value parser (HO)
Package: kvdefinekeys 2011/04/07 v1.3 Define keys (HO)
Package: pdftexcmds 2011/11/29 v0.20 Utility functions of pdfTeX for LuaTeX (HO
)
Package pdftexcmds Info: LuaTeX not detected.
Package pdftexcmds Info: \pdf@primitive is available.
Package pdftexcmds Info: \pdf@ifprimitive is available.
Package pdftexcmds Info: \pdfdraftmode found.
Package: pdfescape 2011/11/25 v1.13 Implements pdfTeX's escape features (HO)
Package: bigintcalc 2012/04/08 v1.3 Expandable calculations on big integers (HO
)
Package: bitset 2011/01/30 v1.1 Handle bit-vector datatype (HO)
Package: uniquecounter 2011/01/30 v1.2 Provide unlimited unique counter (HO)
)
Package hobsub Info: Skipping package `hobsub' (already loaded).
Package: letltxmacro 2010/09/02 v1.4 Let assignment for LaTeX macros (HO)
Package: hopatch 2011/06/24 v1.1 Wrapper for package hooks (HO)
Package: xcolor-patch 2011/01/30 xcolor patch
Package: atveryend 2011/06/30 v1.8 Hooks at the very end of document (HO)
Package atveryend Info: \enddocument detected (standard20110627).
Package hobsub Info: Skipping package `atbegshi' (already loaded).
Package: refcount 2011/10/16 v3.4 Data extraction from label references (HO)
Package: hycolor 2011/01/30 v1.7 Color options for hyperref/bookmark (HO)
)
("C:\Program Files\MiKTex\tex\generic\ifxetex\ifxetex.sty"
Package: ifxetex 2010/09/12 v0.6 Provides ifxetex conditional
)
("C:\Program Files\MiKTex\tex\latex\oberdiek\auxhook.sty"
Package: auxhook 2011/03/04 v1.3 Hooks for auxiliary files (HO)
)
("C:\Program Files\MiKTex\tex\latex\oberdiek\kvoptions.sty"
Package: kvoptions 2011/06/30 v3.11 Key value format for package options (HO)
)
\@linkdim=\dimen106
\Hy@linkcounter=\count93
\Hy@pagecounter=\count94

("C:\Program Files\MiKTex\tex\latex\hyperref\pd1enc.def"
File: pd1enc.def 2012/11/06 v6.83m Hyperref: PDFDocEncoding definition (HO)
)
\Hy@SavedSpaceFactor=\count95

("C:\Program Files\MiKTex\tex\latex\00miktex\hyperref.cfg"
File: hyperref.cfg 2002/06/06 v1.2 hyperref configuration of TeXLive
)
Package hyperref Info: Hyper figures OFF on input line 4443.
Package hyperref Info: Link nesting OFF on input line 4448.
Package hyperref Info: Hyper index ON on input line 4451.
Package hyperref Info: Plain pages OFF on input line 4458.
Package hyperref Info: Backreferencing OFF on input line 4463.
Package hyperref Info: Implicit mode ON; LaTeX internals redefined.
Package hyperref Info: Bookmarks ON on input line 4688.
\c@Hy@tempcnt=\count96

("C:\Program Files\MiKTex\tex\latex\url\url.sty"
\Urlmuskip=\muskip10
Package: url 2013/09/16  ver 3.4  Verb mode for urls, etc.
)
LaTeX Info: Redefining \url on input line 5041.
\XeTeXLinkMargin=\dimen107
\Fld@menulength=\count97
\Field@Width=\dimen108
\Fld@charsize=\dimen109
Package hyperref Info: Hyper figures OFF on input line 6295.
Package hyperref Info: Link nesting OFF on input line 6300.
Package hyperref Info: Hyper index ON on input line 6303.
Package hyperref Info: backreferencing OFF on input line 6310.
Package hyperref Info: Link coloring OFF on input line 6315.
Package hyperref Info: Link coloring with OCG OFF on input line 6320.
Package hyperref Info: PDF/A mode OFF on input line 6325.
LaTeX Info: Redefining \ref on input line 6365.
LaTeX Info: Redefining \pageref on input line 6369.
\Hy@abspage=\count98
\c@Item=\count99
\c@Hfootnote=\count100
)

Package hyperref Message: Driver (autodetected): hpdftex.

("C:\Program Files\MiKTex\tex\latex\hyperref\hpdftex.def"
File: hpdftex.def 2012/11/06 v6.83m Hyperref driver for pdfTeX
\Fld@listcount=\count101
\c@bookmark@seq@number=\count102

("C:\Program Files\MiKTex\tex\latex\oberdiek\rerunfilecheck.sty"
Package: rerunfilecheck 2011/04/15 v1.7 Rerun checks for auxiliary files (HO)
Package uniquecounter Info: New unique counter `rerunfilecheck' on input line 2
82.
)
\Hy@SectionHShift=\skip43
)
("C:\Program Files\MiKTex\tex\latex\graphics\graphicx.sty"
Package: graphicx 1999/02/16 v1.0f Enhanced LaTeX Graphics (DPC,SPQR)

("C:\Program Files\MiKTex\tex\latex\graphics\graphics.sty"
Package: graphics 2009/02/05 v1.0o Standard LaTeX Graphics (DPC,SPQR)

("C:\Program Files\MiKTex\tex\latex\graphics\trig.sty"
Package: trig 1999/03/16 v1.09 sin cos tan (DPC)
)
("C:\Program Files\MiKTex\tex\latex\00miktex\graphics.cfg"
File: graphics.cfg 2007/01/18 v1.5 graphics configuration of teTeX/TeXLive
)
Package graphics Info: Driver file: pdftex.def on input line 91.
)
\Gin@req@height=\dimen110
\Gin@req@width=\dimen111
)
("C:\Program Files\MiKTex\tex\latex\caption\subcaption.sty"
Package: subcaption 2013/02/03 v1.1-62 Sub-captions (AR)

("C:\Program Files\MiKTex\tex\latex\caption\caption.sty"
Package: caption 2013/05/02 v3.3-89 Customizing captions (AR)

("C:\Program Files\MiKTex\tex\latex\caption\caption3.sty"
Package: caption3 2013/05/02 v1.6-88 caption3 kernel (AR)
Package caption3 Info: TeX engine: e-TeX on input line 57.
\captionmargin=\dimen112
\captionmargin@=\dimen113
\captionwidth=\dimen114
\caption@tempdima=\dimen115
\caption@indent=\dimen116
\caption@parindent=\dimen117
\caption@hangindent=\dimen118
)
\c@ContinuedFloat=\count103
Package caption Info: hyperref package is loaded.
)
\c@subfigure=\count104
\c@subtable=\count105
)
("C:\Program Files\MiKTex\tex\latex\float\float.sty"
Package: float 2001/11/08 v1.3d Float enhancements (AL)
\c@float@type=\count106
\float@exts=\toks15
\float@box=\box28
\@float@everytoks=\toks16
\@floatcapt=\box29
)
("C:\Users\Philip\SkyDrive\Studies\Computer Science @TU-Berlin\9-sem\AIM3\Proje
ct\GitHub\report\nips2014.aux")
LaTeX Font Info:    Checking defaults for OML/cmm/m/it on input line 35.
LaTeX Font Info:    ... okay on input line 35.
LaTeX Font Info:    Checking defaults for T1/cmr/m/n on input line 35.
LaTeX Font Info:    ... okay on input line 35.
LaTeX Font Info:    Checking defaults for OT1/cmr/m/n on input line 35.
LaTeX Font Info:    ... okay on input line 35.
LaTeX Font Info:    Checking defaults for OMS/cmsy/m/n on input line 35.
LaTeX Font Info:    ... okay on input line 35.
LaTeX Font Info:    Checking defaults for OMX/cmex/m/n on input line 35.
LaTeX Font Info:    ... okay on input line 35.
LaTeX Font Info:    Checking defaults for U/cmr/m/n on input line 35.
LaTeX Font Info:    ... okay on input line 35.
LaTeX Font Info:    Checking defaults for PD1/pdf/m/n on input line 35.
LaTeX Font Info:    ... okay on input line 35.
LaTeX Font Info:    Try loading font information for OT1+ptm on input line 35.

("C:\Program Files\MiKTex\tex\latex\psnfss\ot1ptm.fd"
File: ot1ptm.fd 2001/06/04 font definitions for OT1/ptm.
)
\AtBeginShipoutBox=\box30

("C:\Program Files\MiKTex\tex\context\base\supp-pdf.mkii"
[Loading MPS to PDF converter (version 2006.09.02).]
\scratchcounter=\count107
\scratchdimen=\dimen119
\scratchbox=\box31
\nofMPsegments=\count108
\nofMParguments=\count109
\everyMPshowfont=\toks17
\MPscratchCnt=\count110
\MPscratchDim=\dimen120
\MPnumerator=\count111
\makeMPintoPDFobject=\count112
\everyMPtoPDFconversion=\toks18
)
Package hyperref Info: Link coloring OFF on input line 35.
 ("C:\Program Files\MiKTex\tex\latex\hyperref\nameref.sty"
Package: nameref 2012/10/27 v2.43 Cross-referencing by name of section

("C:\Program Files\MiKTex\tex\generic\oberdiek\gettitlestring.sty"
Package: gettitlestring 2010/12/03 v1.4 Cleanup title references (HO)
)
\c@section@level=\count113
)
LaTeX Info: Redefining \ref on input line 35.
LaTeX Info: Redefining \pageref on input line 35.
LaTeX Info: Redefining \nameref on input line 35.

("C:\Users\Philip\SkyDrive\Studies\Computer Science @TU-Berlin\9-sem\AIM3\Proje
ct\GitHub\report\nips2014.out")
("C:\Users\Philip\SkyDrive\Studies\Computer Science @TU-Berlin\9-sem\AIM3\Proje
ct\GitHub\report\nips2014.out")
\@outlinefile=\write3
Package caption Info: Begin \AtBeginDocument code.
Package caption Info: float package is loaded.
Package caption Info: End \AtBeginDocument code.
LaTeX Font Info:    Font shape `OT1/ptm/bx/n' in size <17.28> not available
(Font)              Font shape `OT1/ptm/b/n' tried instead on input line 38.
LaTeX Font Info:    External font `cmex10' loaded for size
(Font)              <7> on input line 38.
LaTeX Font Info:    External font `cmex10' loaded for size
(Font)              <5> on input line 38.
LaTeX Font Info:    Font shape `OT1/ptm/bx/n' in size <10> not available
(Font)              Font shape `OT1/ptm/b/n' tried instead on input line 38.
LaTeX Font Info:    Try loading font information for OT1+pcr on input line 38.

("C:\Program Files\MiKTex\tex\latex\psnfss\ot1pcr.fd"
File: ot1pcr.fd 2001/06/04 font definitions for OT1/pcr.
)
LaTeX Font Info:    Font shape `OT1/ptm/bx/n' in size <12> not available
(Font)              Font shape `OT1/ptm/b/n' tried instead on input line 39.

("C:\Users\Philip\SkyDrive\Studies\Computer Science @TU-Berlin\9-sem\AIM3\Proje
ct\GitHub\report\problem.tex")
("C:\Users\Philip\SkyDrive\Studies\Computer Science @TU-Berlin\9-sem\AIM3\Proje
ct\GitHub\report\methodology.tex"
Missing character: There is no ‚ in font ptmr7t!
Missing character: There is no Ä in font ptmr7t!
Missing character: There is no ô in font ptmr7t!
 [1{C:/Users/Philip/AppData/Local/MiKTeX/2.9/pdftex/config/pdftex.map}

]

Package caption Warning: \label without proper \caption on input line 9.
See the caption package documentation for explanation.


LaTeX Warning: Reference `fig1' on page 2 undefined on input line 5.

<fig1.png, id=73, 566.86781pt x 175.40532pt>
File: fig1.png Graphic file (type png)
 <use fig1.png>
Package pdftex.def Info: fig1.png used on input line 10.
(pdftex.def)             Requested size: 238.49341pt x 73.79552pt.


Package caption Warning: \label without proper \caption on input line 26.
See the caption package documentation for explanation.


LaTeX Warning: Reference `fig2' on page 2 undefined on input line 22.

<fig2.png, id=75, 346.29375pt x 161.10187pt>
File: fig2.png Graphic file (type png)
 <use fig2.png>
Package pdftex.def Info: fig2.png used on input line 27.
(pdftex.def)             Requested size: 298.11374pt x 138.68993pt.

Underfull \vbox (badness 10000) has occurred while \output is active []

 [2 <C:/Users/Philip/SkyDrive/Studies/Computer Science @TU-Berlin/9-sem/AIM3/Pr
oject/GitHub/report/fig1.png>]
Missing character: There is no ‚ in font ptmr7t!
Missing character: There is no Ä in font ptmr7t!
Missing character: There is no ú in font ptmr7t!
Missing character: There is no ‚ in font ptmr7t!
Missing character: There is no Ä in font ptmr7t!
Missing character: There is no ù in font ptmr7t!


Package caption Warning: \label without proper \caption on input line 39.
See the caption package documentation for explanation.


LaTeX Warning: Reference `fig3' on page 3 undefined on input line 35.

Missing character: There is no ‚ in font ptmr7t!
Missing character: There is no Ä in font ptmr7t!
Missing character: There is no ô in font ptmr7t!
Missing character: There is no ‚ in font ptmr7t!
Missing character: There is no Ä in font ptmr7t!
Missing character: There is no ô in font ptmr7t!
Missing character: There is no ‚ in font ptmr7t!
Missing character: There is no Ä in font ptmr7t!
Missing character: There is no ô in font ptmr7t!
<fig3.png, id=83, 389.20406pt x 106.89937pt>
File: fig3.png Graphic file (type png)
 <use fig3.png>
Package pdftex.def Info: fig3.png used on input line 40.
(pdftex.def)             Requested size: 238.49341pt x 65.507pt.

<fig4.png, id=85, 557.08125pt x 181.67876pt>
File: fig4.png Graphic file (type png)
 <use fig4.png>
Package pdftex.def Info: fig4.png used on input line 52.
(pdftex.def)             Requested size: 238.49341pt x 77.77658pt.
Missing character: There is no ‚ in font ptmr7t!
Missing character: There is no Ä in font ptmr7t!
Missing character: There is no ô in font ptmr7t!
Missing character: There is no ‚ in font ptmr7t!
Missing character: There is no Ä in font ptmr7t!
Missing character: There is no ú in font ptmr7t!
Missing character: There is no ‚ in font ptmr7t!
Missing character: There is no Ä in font ptmr7t!
Missing character: There is no ù in font ptmr7t!
Missing character: There is no ‚ in font ptmr7t!
Missing character: There is no Ä in font ptmr7t!
Missing character: There is no ô in font ptmr7t!
Missing character: There is no ‚ in font ptmr7t!
Missing character: There is no Ä in font ptmr7t!
Missing character: There is no ú in font ptmr7t!
Missing character: There is no ‚ in font ptmr7t!
Missing character: There is no Ä in font ptmr7t!
Missing character: There is no ù in font ptmr7t!
 [3 <C:/Users/Philip/SkyDrive/Studies/Computer Science @TU-Berlin/9-sem/AIM3/Pr
oject/GitHub/report/fig2.png> <C:/Users/Philip/SkyDrive/Studies/Computer Scienc
e @TU-Berlin/9-sem/AIM3/Project/GitHub/report/fig3.png> <C:/Users/Philip/SkyDri
ve/Studies/Computer Science @TU-Berlin/9-sem/AIM3/Project/GitHub/report/fig4.pn
g (PNG copy)>]
<fig5.png, id=93, 754.82pt x 225.84375pt>
File: fig5.png Graphic file (type png)
 <use fig5.png>
Package pdftex.def Info: fig5.png used on input line 63.
(pdftex.def)             Requested size: 397.48499pt x 118.92813pt.

<fig6.png, id=94, 367.3725pt x 137.01187pt>
File: fig6.png Graphic file (type png)
 <use fig6.png>
Package pdftex.def Info: fig6.png used on input line 75.
(pdftex.def)             Requested size: 317.9892pt x 118.60144pt.
)
("C:\Users\Philip\SkyDrive\Studies\Computer Science @TU-Berlin\9-sem\AIM3\Proje
ct\GitHub\report\experiments.tex"
Underfull \vbox (badness 10000) has occurred while \output is active []

 [4 <C:/Users/Philip/SkyDrive/Studies/Computer Science @TU-Berlin/9-sem/AIM3/Pr
oject/GitHub/report/fig5.png (PNG copy)> <C:/Users/Philip/SkyDrive/Studies/Comp
uter Science @TU-Berlin/9-sem/AIM3/Project/GitHub/report/fig6.png>]
Underfull \vbox (badness 10000) has occurred while \output is active []

 [5]

Package caption Warning: \label without proper \caption on input line 45.
See the caption package documentation for explanation.


LaTeX Warning: Reference `fig6a' on page 6 undefined on input line 41.

<fig6a.png, id=108, 1005.7575pt x 511.9125pt>
File: fig6a.png Graphic file (type png)
 <use fig6a.png>
Package pdftex.def Info: fig6a.png used on input line 46.
(pdftex.def)             Requested size: 397.48499pt x 202.30867pt.

Underfull \vbox (badness 10000) has occurred while \output is active []

 [6 <C:/Users/Philip/SkyDrive/Studies/Computer Science @TU-Berlin/9-sem/AIM3/Pr
oject/GitHub/report/fig6a.png>] <fig7.png, id=116, 803.0pt x 602.25pt>
File: fig7.png Graphic file (type png)
 <use fig7.png>
Package pdftex.def Info: fig7.png used on input line 74.
(pdftex.def)             Requested size: 198.7425pt x 149.05502pt.

<fig8.png, id=117, 803.0pt x 602.25pt>
File: fig8.png Graphic file (type png)
 <use fig8.png>
Package pdftex.def Info: fig8.png used on input line 81.
(pdftex.def)             Requested size: 198.7425pt x 149.05502pt.

Overfull \hbox (1.90002pt too wide) in paragraph at lines 71--85
[]$[]$ $[]$ 
 []


Package caption Warning: \label without proper \caption on input line 93.
See the caption package documentation for explanation.


LaTeX Warning: Reference `fig9' on page 7 undefined on input line 88.


Package caption Warning: \label without proper \caption on input line 100.
See the caption package documentation for explanation.


LaTeX Warning: Reference `fig10' on page 7 undefined on input line 88.

<fig9.png, id=120, 481.8pt x 289.08pt>
File: fig9.png Graphic file (type png)
 <use fig9.png>
Package pdftex.def Info: fig9.png used on input line 94.
(pdftex.def)             Requested size: 198.7425pt x 119.24255pt.
Missing character: There is no ‚ in font ptmr7t!
Missing character: There is no Ä in font ptmr7t!
Missing character: There is no ô in font ptmr7t!
Missing character: There is no ‚ in font ptmr7t!
Missing character: There is no Ä in font ptmr7t!
Missing character: There is no ô in font ptmr7t!

<fig10.png, id=121, 481.8pt x 289.08pt>
File: fig10.png Graphic file (type png)
 <use fig10.png>
Package pdftex.def Info: fig10.png used on input line 101.
(pdftex.def)             Requested size: 198.7425pt x 119.24255pt.
Missing character: There is no ‚ in font ptmr7t!
Missing character: There is no Ä in font ptmr7t!
Missing character: There is no ô in font ptmr7t!
Missing character: There is no ‚ in font ptmr7t!
Missing character: There is no Ä in font ptmr7t!
Missing character: There is no ô in font ptmr7t!

Overfull \hbox (1.90002pt too wide) in paragraph at lines 91--105
[]$[]$ $[]$ 
 []


Package caption Warning: \label without proper \caption on input line 113.
See the caption package documentation for explanation.


LaTeX Warning: Reference `fig12' on page 7 undefined on input line 108.


Package caption Warning: \label without proper \caption on input line 120.
See the caption package documentation for explanation.


LaTeX Warning: Reference `fig13' on page 7 undefined on input line 108.


Underfull \vbox (badness 1389) has occurred while \output is active []

 [7 <C:/Users/Philip/SkyDrive/Studies/Computer Science @TU-Berlin/9-sem/AIM3/Pr
oject/GitHub/report/fig7.png (PNG copy)> <C:/Users/Philip/SkyDrive/Studies/Comp
uter Science @TU-Berlin/9-sem/AIM3/Project/GitHub/report/fig8.png (PNG copy)> <
C:/Users/Philip/SkyDrive/Studies/Computer Science @TU-Berlin/9-sem/AIM3/Project
/GitHub/report/fig9.png (PNG copy)> <C:/Users/Philip/SkyDrive/Studies/Computer 
Science @TU-Berlin/9-sem/AIM3/Project/GitHub/report/fig10.png (PNG copy)>]
<fig12.png, id=132, 481.8pt x 289.08pt>
File: fig12.png Graphic file (type png)
 <use fig12.png>
Package pdftex.def Info: fig12.png used on input line 114.
(pdftex.def)             Requested size: 198.7425pt x 119.24255pt.

<fig13.png, id=133, 482.80376pt x 289.08pt>
File: fig13.png Graphic file (type png)
 <use fig13.png>
Package pdftex.def Info: fig13.png used on input line 121.
(pdftex.def)             Requested size: 198.7425pt x 118.99553pt.

Overfull \hbox (1.90002pt too wide) in paragraph at lines 111--125
[]$[]$ $[]$ 
 []


Package caption Warning: \label without proper \caption on input line 132.
See the caption package documentation for explanation.


LaTeX Warning: Reference `fig14' on page 8 undefined on input line 127.


Package caption Warning: \label without proper \caption on input line 139.
See the caption package documentation for explanation.


LaTeX Warning: Reference `fig15' on page 8 undefined on input line 127.

<fig14.png, id=136, 578.16pt x 385.44pt>
File: fig14.png Graphic file (type png)
 <use fig14.png>
Package pdftex.def Info: fig14.png used on input line 133.
(pdftex.def)             Requested size: 198.7425pt x 132.49467pt.

<fig15.png, id=137, 578.16pt x 385.44pt>
File: fig15.png Graphic file (type png)
 <use fig15.png>
Package pdftex.def Info: fig15.png used on input line 140.
(pdftex.def)             Requested size: 198.7425pt x 132.49467pt.

Overfull \hbox (1.90002pt too wide) in paragraph at lines 130--144
[]$[]$ $[]$ 
 []

LaTeX Font Info:    External font `cmex10' loaded for size
(Font)              <9> on input line 146.
LaTeX Font Info:    External font `cmex10' loaded for size
(Font)              <6> on input line 146.

Underfull \vbox (badness 5939) has occurred while \output is active []

 [8 <C:/Users/Philip/SkyDrive/Studies/Computer Science @TU-Berlin/9-sem/AIM3/Pr
oject/GitHub/report/fig12.png (PNG copy)> <C:/Users/Philip/SkyDrive/Studies/Com
puter Science @TU-Berlin/9-sem/AIM3/Project/GitHub/report/fig13.png (PNG copy)>
 <C:/Users/Philip/SkyDrive/Studies/Computer Science @TU-Berlin/9-sem/AIM3/Proje
ct/GitHub/report/fig14.png (PNG copy)> <C:/Users/Philip/SkyDrive/Studies/Comput
er Science @TU-Berlin/9-sem/AIM3/Project/GitHub/report/fig15.png (PNG copy)>])
("C:\Users\Philip\SkyDrive\Studies\Computer Science @TU-Berlin\9-sem\AIM3\Proje
ct\GitHub\report\conclusion.tex") [9]
Missing character: There is no ‚ in font ptmr7t!
Missing character: There is no Ä in font ptmr7t!
Missing character: There is no î in font ptmr7t!

Underfull \hbox (badness 10000) in paragraph at lines 58--63

 []

Package atveryend Info: Empty hook `BeforeClearDocument' on input line 64.
[10]
Package atveryend Info: Empty hook `AfterLastShipout' on input line 64.

("C:\Users\Philip\SkyDrive\Studies\Computer Science @TU-Berlin\9-sem\AIM3\Proje
ct\GitHub\report\nips2014.aux")
Package atveryend Info: Executing hook `AtVeryEndDocument' on input line 64.
Package atveryend Info: Executing hook `AtEndAfterFileList' on input line 64.
Package rerunfilecheck Info: File `nips2014.out' has not changed.
(rerunfilecheck)             Checksum: 5BF9E32A38CB47ED539FB62B3A19D719;899.


LaTeX Warning: There were undefined references.

Package atveryend Info: Empty hook `AtVeryVeryEnd' on input line 64.
 ) 
Here is how much of TeX's memory you used:
 6875 strings out of 493921
 104568 string characters out of 3148884
 196361 words of memory out of 3000000
 10043 multiletter control sequences out of 15000+200000
 19858 words of font info for 40 fonts, out of 3000000 for 9000
 841 hyphenation exceptions out of 8191
 42i,11n,40p,866b,365s stack positions out of 5000i,500n,10000p,200000b,50000s
{C:/Program Files/MiKTex/fonts/enc/dvips/fontname/8r.enc}<C:/Program Files/Mi
KTex/fonts/type1/urw/courier/ucrr8a.pfb><C:/Program Files/MiKTex/fonts/type1/ur
w/helvetic/uhvb8a.pfb><C:/Program Files/MiKTex/fonts/type1/urw/times/utmb8a.pfb
><C:/Program Files/MiKTex/fonts/type1/urw/times/utmr8a.pfb>
Output written on nips2014.pdf (10 pages, 414124 bytes).
PDF statistics:
 187 PDF objects out of 1000 (max. 8388607)
 44 named destinations out of 1000 (max. 500000)
 196 words of extra memory for PDF output out of 10000 (max. 10000000)

